c:\users\zheny\source\repos\dll\dll\debug\dll.pch
c:\users\zheny\source\repos\dll\dll\debug\vc141.pdb
c:\users\zheny\source\repos\dll\dll\debug\vc141.idb
c:\users\zheny\source\repos\dll\dll\debug\stdafx.obj
c:\users\zheny\source\repos\dll\dll\debug\dllmain.obj
c:\users\zheny\source\repos\dll\dll\debug\dll.obj
c:\users\zheny\source\repos\dll\debug\dll.lib
c:\users\zheny\source\repos\dll\debug\dll.exp
c:\users\zheny\source\repos\dll\debug\dll.pdb
c:\users\zheny\source\repos\dll\dll\debug\dll.tlog\cl.command.1.tlog
c:\users\zheny\source\repos\dll\dll\debug\dll.tlog\cl.read.1.tlog
c:\users\zheny\source\repos\dll\dll\debug\dll.tlog\cl.write.1.tlog
c:\users\zheny\source\repos\dll\dll\debug\dll.tlog\dll.write.1u.tlog
c:\users\zheny\source\repos\dll\dll\debug\dll.tlog\link.9904-cvtres.read.1.tlog
c:\users\zheny\source\repos\dll\dll\debug\dll.tlog\link.9904-cvtres.write.1.tlog
c:\users\zheny\source\repos\dll\dll\debug\dll.tlog\link.9904-rc.read.1.tlog
c:\users\zheny\source\repos\dll\dll\debug\dll.tlog\link.9904-rc.write.1.tlog
c:\users\zheny\source\repos\dll\dll\debug\dll.tlog\link.9904.read.1.tlog
c:\users\zheny\source\repos\dll\dll\debug\dll.tlog\link.9904.write.1.tlog
c:\users\zheny\source\repos\dll\dll\debug\dll.tlog\link.command.1.tlog
c:\users\zheny\source\repos\dll\dll\debug\dll.tlog\link.read.1.tlog
c:\users\zheny\source\repos\dll\dll\debug\dll.tlog\link.write.1.tlog
